2026-03-21 13:05:21 | Himachal Pradesh | Failed after 3 retries
2026-03-21 13:05:32 | Punjab | Failed after 3 retries
2026-03-21 13:05:43 | Jammu and Kashmir | Failed after 3 retries
2026-03-21 13:05:53 | Ladakh | Failed after 3 retries
2026-03-21 13:06:04 | Uttarakhand | Failed after 3 retries
2026-03-21 13:06:15 | Rajasthan | Failed after 3 retries
2026-03-21 13:06:25 | Haryana and Delhi | Failed after 3 retries
2026-03-21 13:06:37 | Uttar Pradesh | Failed after 3 retries
2026-03-21 13:06:48 | Bihar | Failed after 3 retries
2026-03-21 13:06:59 | Jharkhand | Failed after 3 retries
2026-03-21 13:07:09 | West Bengal | Failed after 3 retries
2026-03-21 13:07:20 | Odisha | Failed after 3 retries
2026-03-21 13:07:30 | Andaman and Nicobar Islands | Failed after 3 retries
2026-03-21 13:07:40 | Assam | Failed after 3 retries
2026-03-21 13:07:50 | Sikkim | Failed after 3 retries
2026-03-21 13:08:04 | Arunachal Pradesh | Failed after 3 retries
2026-03-21 13:08:15 | Manipur | Failed after 3 retries
2026-03-21 13:08:25 | Meghalaya | Failed after 3 retries
2026-03-21 13:08:35 | Mizoram | Failed after 3 retries
2026-03-21 13:08:46 | Nagaland | Failed after 3 retries
2026-03-21 13:08:56 | Tripura | Failed after 3 retries
2026-03-21 13:09:06 | Maharashtra | Failed after 3 retries
2026-03-21 13:09:17 | Gujarat | Failed after 3 retries
2026-03-21 13:09:27 | Madhya Pradesh | Failed after 3 retries
2026-03-21 13:09:37 | Chhattisgarh | Failed after 3 retries
2026-03-21 13:09:48 | Andhra Pradesh | Failed after 3 retries
2026-03-21 13:09:59 | Telangana | Failed after 3 retries
2026-03-21 13:10:09 | Tamil Nadu and Puducherry | Failed after 3 retries
2026-03-21 13:10:19 | Karnataka | Failed after 3 retries
2026-03-21 13:10:30 | Kerala | Failed after 3 retries
2026-03-21 13:10:40 | Lakshadweep | Failed after 3 retries
2026-03-21 13:19:04 | Himachal Pradesh | Failed after 3 retries
2026-03-21 13:24:59 | Jammu and Kashmir | Failed after 3 retries
2026-03-21 13:39:51 | Odisha | Failed after 3 retries
2026-03-21 14:08:12 | Andhra Pradesh | Failed after 3 retries
2026-03-21 14:16:23 | Tamil Nadu and Puducherry | Failed after 3 retries
2026-03-21 14:21:43 | Karnataka | Failed after 3 retries
